/home/vicky/miniconda3/envs/longread-assembly/bin/quast.py ../results/assembly/ecoli_assembly.fasta -o ../results/assessment/quast

Version: 5.3.0

System information:
  OS: Linux-6.14.0-37-generic-x86_64-with-glibc2.39 (linux_64)
  Python version: 3.9.23
  CPUs number: 8

Started: 2025-12-28 17:52:16

Logging to /home/vicky/ecoli-hifi-assembly/results/assessment/quast/quast.log
NOTICE: Output directory already exists and looks like a QUAST output dir. Existing results can be reused (e.g. previously generated alignments)!
NOTICE: Maximum number of threads is set to 2 (use --threads option to set it manually)

CWD: /home/vicky/ecoli-hifi-assembly/scripts
Main parameters: 
  MODE: default, threads: 2, min contig length: 500, min alignment length: 65, min alignment IDY: 95.0, \
  ambiguity: one, min local misassembly length: 200, min extensive misassembly length: 1000

Contigs:
  Pre-processing...
  ../results/assembly/ecoli_assembly.fasta ==> ecoli_assembly

2025-12-28 17:52:17
Running Basic statistics processor...
  Contig files: 
    ecoli_assembly
  Calculating N50 and L50...
    ecoli_assembly, N50 = 4665559, L50 = 1, auN = 4665559.0, Total length = 4665559, GC % = 50.77, # N's per 100 kbp =  0.00
  Drawing Nx plot...
    saved to /home/vicky/ecoli-hifi-assembly/results/assessment/quast/basic_stats/Nx_plot.pdf
  Drawing cumulative plot...
    saved to /home/vicky/ecoli-hifi-assembly/results/assessment/quast/basic_stats/cumulative_plot.pdf
  Drawing GC content plot...
    saved to /home/vicky/ecoli-hifi-assembly/results/assessment/quast/basic_stats/GC_content_plot.pdf
  Drawing ecoli_assembly GC content plot...
    saved to /home/vicky/ecoli-hifi-assembly/results/assessment/quast/basic_stats/ecoli_assembly_GC_content_plot.pdf
Done.

NOTICE: Genes are not predicted by default. Use --gene-finding or --glimmer option to enable it.

2025-12-28 17:52:18
Creating large visual summaries...
This may take a while: press Ctrl-C to skip this step..
  1 of 2: Creating PDF with all tables and plots...
  2 of 2: Creating Icarus viewers...
Done

2025-12-28 17:52:18
RESULTS:
  Text versions of total report are saved to /home/vicky/ecoli-hifi-assembly/results/assessment/quast/report.txt, report.tsv, and report.tex
  Text versions of transposed total report are saved to /home/vicky/ecoli-hifi-assembly/results/assessment/quast/transposed_report.txt, transposed_report.tsv, and transposed_report.tex
  HTML version (interactive tables and plots) is saved to /home/vicky/ecoli-hifi-assembly/results/assessment/quast/report.html
  PDF version (tables and plots) is saved to /home/vicky/ecoli-hifi-assembly/results/assessment/quast/report.pdf
  Icarus (contig browser) is saved to /home/vicky/ecoli-hifi-assembly/results/assessment/quast/icarus.html
  Log is saved to /home/vicky/ecoli-hifi-assembly/results/assessment/quast/quast.log

Finished: 2025-12-28 17:52:18
Elapsed time: 0:00:01.979218
NOTICEs: 3; WARNINGs: 0; non-fatal ERRORs: 0

Thank you for using QUAST!
